=== Next.js PM2 Service Started at Thu Jul 17 20:53:16 UTC 2025 ===
2025-07-17T20:53:18:    ▲ Next.js 15.3.3 (Turbopack)
2025-07-17T20:53:18:    - Local:        http://localhost:3000
2025-07-17T20:53:18:    - Network:      http://169.254.0.21:3000
2025-07-17T20:53:18: 
2025-07-17T20:53:18:  ✓ Starting...
2025-07-17T20:53:18:  ⚠ Invalid next.config.js options detected: 
2025-07-17T20:53:18:  ⚠     Unrecognized key(s) in object: 'turbotrace' at "experimental"
2025-07-17T20:53:18:  ⚠ See more info here: https://nextjs.org/docs/messages/invalid-next-config
2025-07-17T20:53:18: Attention: Next.js now collects completely anonymous telemetry regarding usage.
2025-07-17T20:53:18: This information is used to shape Next.js' roadmap and prioritize features.
2025-07-17T20:53:18: You can learn more, including how to opt-out if you'd not like to participate in this anonymous program, by visiting the following URL:
2025-07-17T20:53:18: https://nextjs.org/telemetry
2025-07-17T20:53:18: 
2025-07-17T20:53:19: 
2025-07-17T20:53:19:    We detected TypeScript in your project and reconfigured your tsconfig.json file for you.
2025-07-17T20:53:19:    The following suggested values were added to your tsconfig.json. These values can be changed to fit your project's needs:
2025-07-17T20:53:19: 
2025-07-17T20:53:19:    	- include was updated to add '.next-dev/types/**/*.ts'
2025-07-17T20:53:19: 
2025-07-17T20:53:20:  ✓ Ready in 1768ms
2025-07-17T20:53:20:  ⚠ Webpack is configured while Turbopack is not, which may cause problems.
2025-07-17T20:53:20:  ⚠ See instructions if you need to configure Turbopack:
2025-07-17T20:53:20:   https://nextjs.org/docs/app/api-reference/next-config-js/turbo
2025-07-17T20:53:20: 
2025-07-17T20:53:21:  ○ Compiling / ...
2025-07-17T20:53:27:  ✓ Compiled / in 5.9s
2025-07-17T20:53:28:  GET / 200 in 7250ms
2025-07-19T10:13:52:  ⚠ Found a change in next.config.js. Restarting the server to apply the changes...
2025-07-19T10:13:54:    ▲ Next.js 15.3.3 (Turbopack)
2025-07-19T10:13:54:    - Local:        http://localhost:3000
2025-07-19T10:13:54:    - Network:      http://169.254.0.21:3000
2025-07-19T10:13:54: 
2025-07-19T10:13:54:  ✓ Starting...
2025-07-19T10:13:54:  ⚠ Invalid next.config.js options detected: 
2025-07-19T10:13:54:  ⚠     Unrecognized key(s) in object: 'turbotrace' at "experimental"
2025-07-19T10:13:54:  ⚠ See more info here: https://nextjs.org/docs/messages/invalid-next-config
2025-07-19T10:13:57:  ✓ Ready in 3s
2025-07-19T10:13:57:  ⚠ Webpack is configured while Turbopack is not, which may cause problems.
2025-07-19T10:13:57:  ⚠ See instructions if you need to configure Turbopack:
2025-07-19T10:13:57:   https://nextjs.org/docs/app/api-reference/next-config-js/turbo
2025-07-19T10:13:57: 
2025-07-19T10:14:14:  ○ Compiling / ...
2025-07-19T10:14:22:  ✓ Compiled / in 8.6s
2025-07-19T10:14:26:  GET / 200 in 12139ms
2025-07-19T10:14:43:  ⚠ Found a change in next.config.js. Restarting the server to apply the changes...
2025-07-19T10:14:45:    ▲ Next.js 15.3.3 (Turbopack)
2025-07-19T10:14:45:    - Local:        http://localhost:3000
2025-07-19T10:14:45:    - Network:      http://169.254.0.21:3000
2025-07-19T10:14:45: 
2025-07-19T10:14:45:  ✓ Starting...
2025-07-19T10:14:45:  ⚠ Invalid next.config.js options detected: 
2025-07-19T10:14:45:  ⚠     Unrecognized key(s) in object: 'turbotrace' at "experimental"
2025-07-19T10:14:45:  ⚠ See more info here: https://nextjs.org/docs/messages/invalid-next-config
2025-07-19T10:14:47:  ✓ Ready in 2.4s
2025-07-19T10:14:47:  ⚠ Webpack is configured while Turbopack is not, which may cause problems.
2025-07-19T10:14:47:  ⚠ See instructions if you need to configure Turbopack:
2025-07-19T10:14:47:   https://nextjs.org/docs/app/api-reference/next-config-js/turbo
2025-07-19T10:14:47: 
2025-07-19T10:14:52:  ○ Compiling / ...
2025-07-19T10:15:14:  ✓ Compiled / in 23.2s
2025-07-19T10:15:28:    ▲ Next.js 15.3.3 (Turbopack)
2025-07-19T10:15:28:    - Local:        http://localhost:3000
2025-07-19T10:15:28:    - Network:      http://169.254.0.21:3000
2025-07-19T10:15:28: 
2025-07-19T10:15:28:  ✓ Starting...
2025-07-19T10:15:28:  ⚠ Invalid next.config.js options detected: 
2025-07-19T10:15:28:  ⚠     Unrecognized key(s) in object: 'turbotrace' at "experimental"
2025-07-19T10:15:28:  ⚠ See more info here: https://nextjs.org/docs/messages/invalid-next-config
2025-07-19T10:15:31:  ✓ Ready in 3.1s
2025-07-19T10:15:31:  ⚠ Webpack is configured while Turbopack is not, which may cause problems.
2025-07-19T10:15:31:  ⚠ See instructions if you need to configure Turbopack:
2025-07-19T10:15:31:   https://nextjs.org/docs/app/api-reference/next-config-js/turbo
2025-07-19T10:15:31: 
2025-07-19T10:22:04:  ⚠ Found a change in next.config.js. Restarting the server to apply the changes...
2025-07-19T10:22:05:    ▲ Next.js 15.3.3 (Turbopack)
2025-07-19T10:22:05:    - Local:        http://localhost:3000
2025-07-19T10:22:05:    - Network:      http://169.254.0.21:3000
2025-07-19T10:22:05: 
2025-07-19T10:22:05:  ✓ Starting...
2025-07-19T10:22:05:  ⚠ Invalid next.config.js options detected: 
2025-07-19T10:22:05:  ⚠     Unrecognized key(s) in object: 'turbotrace' at "experimental"
2025-07-19T10:22:05:  ⚠ See more info here: https://nextjs.org/docs/messages/invalid-next-config
2025-07-19T10:22:06:  ✓ Ready in 1650ms
2025-07-19T10:22:06:  ⚠ Webpack is configured while Turbopack is not, which may cause problems.
2025-07-19T10:22:06:  ⚠ See instructions if you need to configure Turbopack:
2025-07-19T10:22:06:   https://nextjs.org/docs/app/api-reference/next-config-js/turbo
2025-07-19T10:22:06: 
2025-07-19T10:22:12:  ○ Compiling / ...
2025-07-19T10:22:24:  ✓ Compiled / in 12.2s
2025-07-19T10:22:25:  GET / 200 in 13001ms
2025-07-19T10:22:28:  ⚠ Cross origin request detected from 3000-iasxfsuu2vl6f1szodzdz-6532622b.e2b.app to /_next/* resource. In a future major version of Next.js, you will need to explicitly configure "allowedDevOrigins" in next.config to allow this.
2025-07-19T10:22:28: Read more: https://nextjs.org/docs/app/api-reference/config/next-config-js/allowedDevOrigins
2025-07-19T10:23:26:    ▲ Next.js 15.3.3 (Turbopack)
2025-07-19T10:23:26:    - Local:        http://localhost:3000
2025-07-19T10:23:26:    - Network:      http://169.254.0.21:3000
2025-07-19T10:23:26: 
2025-07-19T10:23:26:  ✓ Starting...
2025-07-19T10:23:26:  ⚠ Invalid next.config.js options detected: 
2025-07-19T10:23:26:  ⚠     Unrecognized key(s) in object: 'turbotrace' at "experimental"
2025-07-19T10:23:26:  ⚠ See more info here: https://nextjs.org/docs/messages/invalid-next-config
2025-07-19T10:23:27:  ✓ Ready in 2.1s
2025-07-19T10:23:28:  ⚠ Webpack is configured while Turbopack is not, which may cause problems.
2025-07-19T10:23:28:  ⚠ See instructions if you need to configure Turbopack:
2025-07-19T10:23:28:   https://nextjs.org/docs/app/api-reference/next-config-js/turbo
2025-07-19T10:23:28: 
2025-07-19T10:23:34:  ⚠ Found a change in next.config.js. Restarting the server to apply the changes...
2025-07-19T10:23:35:    ▲ Next.js 15.3.3 (Turbopack)
2025-07-19T10:23:35:    - Local:        http://localhost:3000
2025-07-19T10:23:35:    - Network:      http://169.254.0.21:3000
2025-07-19T10:23:35: 
2025-07-19T10:23:35:  ✓ Starting...
2025-07-19T10:23:43:  ✓ Ready in 8.1s
2025-07-19T10:23:43:  ⚠ Webpack is configured while Turbopack is not, which may cause problems.
2025-07-19T10:23:43:  ⚠ See instructions if you need to configure Turbopack:
2025-07-19T10:23:43:   https://nextjs.org/docs/app/api-reference/next-config-js/turbo
2025-07-19T10:23:43: 
2025-07-19T10:23:52:  ⚠ Found a change in next.config.js. Restarting the server to apply the changes...
2025-07-19T10:23:53:    ▲ Next.js 15.3.3 (Turbopack)
2025-07-19T10:23:53:    - Local:        http://localhost:3000
2025-07-19T10:23:53:    - Network:      http://169.254.0.21:3000
2025-07-19T10:23:53: 
2025-07-19T10:23:53:  ✓ Starting...
2025-07-19T10:23:54:  ✓ Ready in 1607ms
2025-07-19T10:23:54:  ⚠ Webpack is configured while Turbopack is not, which may cause problems.
2025-07-19T10:23:54:  ⚠ See instructions if you need to configure Turbopack:
2025-07-19T10:23:54:   https://nextjs.org/docs/app/api-reference/next-config-js/turbo
2025-07-19T10:23:54: 
2025-07-19T10:24:00:  ○ Compiling / ...
2025-07-19T10:24:12:  ✓ Compiled / in 12.2s
2025-07-19T10:24:13:  GET / 200 in 12581ms
2025-07-19T10:24:15:  ⚠ Cross origin request detected from 3000-iasxfsuu2vl6f1szodzdz-6532622b.e2b.app to /_next/* resource. In a future major version of Next.js, you will need to explicitly configure "allowedDevOrigins" in next.config to allow this.
2025-07-19T10:24:15: Read more: https://nextjs.org/docs/app/api-reference/config/next-config-js/allowedDevOrigins
